<?xml version="1.0" encoding="UTF-8"?>
<!-- Generated by org.testng.reporters.JUnitXMLReporter -->
<testsuite ignored="0" hostname="IMCNBCP244-MSL2" failures="0" tests="3" name="Test" time="43.479" errors="0" timestamp="2023-01-25T12:11:54 IST">
  <testcase classname="AutomationTesting.TestCases1" name="RegisterUser" time="14.906"/>
  <testcase classname="AutomationTesting.TestCases1" name="UserLogin" time="1.772"/>
  <testcase classname="AutomationTesting.TestCases2" name="AddBookToCart" time="7.835"/>
</testsuite> <!-- Test -->
