<?xml version="1.0" encoding="UTF-8" ?>
<testsuite tests="2" failures="2" name="AutomationTesting.NewTest" time="0.015" errors="0" skipped="0">
  <properties>
[...]
</properties>
  <testcase classname="AutomationTesting.NewTest" name="RegisterUser" time="0.014">
    <failure message="Input must be set" type="java.lang.IllegalArgumentException">java.lang.IllegalArgumentException: Input must be set
	at org.openqa.selenium.internal.Require.nonNull(Require.java:59)
	at org.openqa.selenium.support.ui.FluentWait.&lt;init&gt;(FluentWait.java:97)
	at org.openqa.selenium.support.ui.WebDriverWait.&lt;init&gt;(WebDriverWait.java:77)
	at org.openqa.selenium.support.ui.WebDriverWait.&lt;init&gt;(WebDriverWait.java:46)
	at AutomationTesting.MyAccount.&lt;init&gt;(MyAccount.java:26)
	at AutomationTesting.NewTest.RegisterUser(NewTest.java:21)
</failure>
    <system-out>Configuring TestNG with: org.apache.maven.surefire.testng.conf.TestNG652Configurator@23d2a7e8
[Configuration] [WARN] Detected a static method [AutomationTesting.BaseClass.beforeMethod()]. Static configuration methods can cause  unexpected behavior.
</system-out>
    <system-err>SLF4J: Failed to load class &quot;org.slf4j.impl.StaticLoggerBinder&quot;.
SLF4J: Defaulting to no-operation (NOP) logger implementation
SLF4J: See http://www.slf4j.org/codes.html#StaticLoggerBinder for further details.
Starting ChromeDriver 108.0.5359.71 (1e0e3868ee06e91ad636a874420e3ca3ae3756ac-refs/branch-heads/5359@{#1016}) on port 23117
Only local connections are allowed.
Please see https://chromedriver.chromium.org/security-considerations for suggestions on keeping ChromeDriver safe.
ChromeDriver was started successfully.
Jan 19, 2023 12:02:17 PM org.openqa.selenium.devtools.CdpVersionFinder findNearestMatch
WARNING: Unable to find an exact match for CDP version 108, so returning the closest version found: 107
</system-err>
  </testcase>
  <testcase classname="AutomationTesting.NewTest" name="UserLogin" time="0.001">
    <failure message="Input must be set" type="java.lang.IllegalArgumentException">java.lang.IllegalArgumentException: Input must be set
	at org.openqa.selenium.internal.Require.nonNull(Require.java:59)
	at org.openqa.selenium.support.ui.FluentWait.&lt;init&gt;(FluentWait.java:97)
	at org.openqa.selenium.support.ui.WebDriverWait.&lt;init&gt;(WebDriverWait.java:77)
	at org.openqa.selenium.support.ui.WebDriverWait.&lt;init&gt;(WebDriverWait.java:46)
	at AutomationTesting.MyAccount.&lt;init&gt;(MyAccount.java:26)
	at AutomationTesting.NewTest.UserLogin(NewTest.java:33)
</failure>
    <system-err>Starting ChromeDriver 108.0.5359.71 (1e0e3868ee06e91ad636a874420e3ca3ae3756ac-refs/branch-heads/5359@{#1016}) on port 2919
Only local connections are allowed.
Please see https://chromedriver.chromium.org/security-considerations for suggestions on keeping ChromeDriver safe.
ChromeDriver was started successfully.
Jan 19, 2023 12:02:24 PM org.openqa.selenium.devtools.CdpVersionFinder findNearestMatch
WARNING: Unable to find an exact match for CDP version 108, so returning the closest version found: 107
</system-err>
  </testcase>
</testsuite>