<?xml version="1.0" encoding="UTF-8"?>
<testng-results ignored="0" total="3" passed="3" failed="0" skipped="0">
  <reporter-output>
  </reporter-output>
  <suite started-at="2023-01-25T12:11:10 IST" name="Suite" finished-at="2023-01-25T12:11:54 IST" duration-ms="43479">
    <groups>
    </groups>
    <test started-at="2023-01-25T12:11:10 IST" name="Test" finished-at="2023-01-25T12:11:54 IST" duration-ms="43479">
      <class name="AutomationTesting.TestCases2">
        <test-method is-config="true" signature="beforeMethod()[pri:0, instance:AutomationTesting.TestCases2@3b6ddd1d]" started-at="2023-01-25T12:11:40 IST" name="beforeMethod" finished-at="2023-01-25T12:11:46 IST" duration-ms="5447" status="PASS">
          <reporter-output>
          </reporter-output>
        </test-method> <!-- beforeMethod -->
        <test-method signature="AddBookToCart()[pri:0, instance:AutomationTesting.TestCases2@3b6ddd1d]" started-at="2023-01-25T12:11:46 IST" name="AddBookToCart" finished-at="2023-01-25T12:11:54 IST" duration-ms="7835" status="PASS">
          <reporter-output>
          </reporter-output>
        </test-method> <!-- AddBookToCart -->
        <test-method is-config="true" signature="afterMethod()[pri:0, instance:AutomationTesting.TestCases2@3b6ddd1d]" started-at="2023-01-25T12:11:54 IST" name="afterMethod" finished-at="2023-01-25T12:11:54 IST" duration-ms="209" status="PASS">
          <reporter-output>
          </reporter-output>
        </test-method> <!-- afterMethod -->
      </class> <!-- AutomationTesting.TestCases2 -->
      <class name="AutomationTesting.TestCases1">
        <test-method is-config="true" signature="beforeMethod()[pri:0, instance:AutomationTesting.TestCases1@6babf3bf]" started-at="2023-01-25T12:11:10 IST" name="beforeMethod" finished-at="2023-01-25T12:11:17 IST" duration-ms="6353" status="PASS">
          <reporter-output>
          </reporter-output>
        </test-method> <!-- beforeMethod -->
        <test-method signature="RegisterUser()[pri:0, instance:AutomationTesting.TestCases1@6babf3bf]" started-at="2023-01-25T12:11:17 IST" name="RegisterUser" finished-at="2023-01-25T12:11:32 IST" duration-ms="14906" status="PASS">
          <reporter-output>
          </reporter-output>
        </test-method> <!-- RegisterUser -->
        <test-method is-config="true" signature="afterMethod()[pri:0, instance:AutomationTesting.TestCases1@6babf3bf]" started-at="2023-01-25T12:11:32 IST" name="afterMethod" finished-at="2023-01-25T12:11:32 IST" duration-ms="300" status="PASS">
          <reporter-output>
          </reporter-output>
        </test-method> <!-- afterMethod -->
        <test-method is-config="true" signature="beforeMethod()[pri:0, instance:AutomationTesting.TestCases1@6babf3bf]" started-at="2023-01-25T12:11:32 IST" name="beforeMethod" finished-at="2023-01-25T12:11:38 IST" duration-ms="6408" status="PASS">
          <reporter-output>
          </reporter-output>
        </test-method> <!-- beforeMethod -->
        <test-method signature="UserLogin()[pri:0, instance:AutomationTesting.TestCases1@6babf3bf]" started-at="2023-01-25T12:11:38 IST" name="UserLogin" finished-at="2023-01-25T12:11:40 IST" duration-ms="1772" status="PASS">
          <reporter-output>
          </reporter-output>
        </test-method> <!-- UserLogin -->
        <test-method is-config="true" signature="afterMethod()[pri:0, instance:AutomationTesting.TestCases1@6babf3bf]" started-at="2023-01-25T12:11:40 IST" name="afterMethod" finished-at="2023-01-25T12:11:40 IST" duration-ms="201" status="PASS">
          <reporter-output>
          </reporter-output>
        </test-method> <!-- afterMethod -->
      </class> <!-- AutomationTesting.TestCases1 -->
    </test> <!-- Test -->
  </suite> <!-- Suite -->
</testng-results>
